\BOOKMARK [0][-]{chapter.1}{\376\377\000H\000i\000e\000r\000a\000r\000c\000h\000i\000c\000a\000l\000\040\000I\000n\000d\000e\000x}{}% 1
\BOOKMARK [1][-]{section.1.1}{\376\377\000C\000l\000a\000s\000s\000\040\000H\000i\000e\000r\000a\000r\000c\000h\000y}{chapter.1}% 2
\BOOKMARK [0][-]{chapter.2}{\376\377\000C\000l\000a\000s\000s\000\040\000I\000n\000d\000e\000x}{}% 3
\BOOKMARK [1][-]{section.2.1}{\376\377\000C\000l\000a\000s\000s\000\040\000L\000i\000s\000t}{chapter.2}% 4
\BOOKMARK [0][-]{chapter.3}{\376\377\000F\000i\000l\000e\000\040\000I\000n\000d\000e\000x}{}% 5
\BOOKMARK [1][-]{section.3.1}{\376\377\000F\000i\000l\000e\000\040\000L\000i\000s\000t}{chapter.3}% 6
\BOOKMARK [0][-]{chapter.4}{\376\377\000C\000l\000a\000s\000s\000\040\000D\000o\000c\000u\000m\000e\000n\000t\000a\000t\000i\000o\000n}{}% 7
\BOOKMARK [1][-]{section.4.1}{\376\377\000A\000b\000s\000t\000r\000a\000c\000t\000W\000r\000i\000t\000e\000r\000\040\000C\000l\000a\000s\000s\000\040\000R\000e\000f\000e\000r\000e\000n\000c\000e}{chapter.4}% 8
\BOOKMARK [2][-]{subsection.4.1.1}{\376\377\000D\000e\000t\000a\000i\000l\000e\000d\000\040\000D\000e\000s\000c\000r\000i\000p\000t\000i\000o\000n}{section.4.1}% 9
\BOOKMARK [2][-]{subsection.4.1.2}{\376\377\000C\000o\000n\000s\000t\000r\000u\000c\000t\000o\000r\000\040\000\046\000\040\000D\000e\000s\000t\000r\000u\000c\000t\000o\000r\000\040\000D\000o\000c\000u\000m\000e\000n\000t\000a\000t\000i\000o\000n}{section.4.1}% 10
\BOOKMARK [3][-]{subsubsection.4.1.2.1}{\376\377\000A\000b\000s\000t\000r\000a\000c\000t\000W\000r\000i\000t\000e\000r}{subsection.4.1.2}% 11
\BOOKMARK [3][-]{subsubsection.4.1.2.2}{\376\377\000A\000b\000s\000t\000r\000a\000c\000t\000W\000r\000i\000t\000e\000r}{subsection.4.1.2}% 12
\BOOKMARK [2][-]{subsection.4.1.3}{\376\377\000M\000e\000m\000b\000e\000r\000\040\000F\000u\000n\000c\000t\000i\000o\000n\000\040\000D\000o\000c\000u\000m\000e\000n\000t\000a\000t\000i\000o\000n}{section.4.1}% 13
\BOOKMARK [3][-]{subsubsection.4.1.3.1}{\376\377\000b\000e\000g\000i\000n}{subsection.4.1.3}% 14
\BOOKMARK [3][-]{subsubsection.4.1.3.2}{\376\377\000c\000h\000e\000c\000k\000F\000i\000l\000e\000n\000a\000m\000e\000\137}{subsection.4.1.3}% 15
\BOOKMARK [3][-]{subsubsection.4.1.3.3}{\376\377\000e\000n\000d}{subsection.4.1.3}% 16
\BOOKMARK [3][-]{subsubsection.4.1.3.4}{\376\377\000g\000e\000t\000C\000l\000i\000n\000i\000c\000a\000l\000F\000r\000a\000m\000e}{subsection.4.1.3}% 17
\BOOKMARK [3][-]{subsubsection.4.1.3.5}{\376\377\000g\000e\000t\000F\000i\000l\000e\000n\000a\000m\000e}{subsection.4.1.3}% 18
\BOOKMARK [3][-]{subsubsection.4.1.3.6}{\376\377\000g\000e\000t\000F\000i\000l\000e\000n\000a\000m\000e}{subsection.4.1.3}% 19
\BOOKMARK [3][-]{subsubsection.4.1.3.7}{\376\377\000s\000e\000t\000C\000l\000i\000n\000i\000c\000a\000l\000F\000r\000a\000m\000e}{subsection.4.1.3}% 20
\BOOKMARK [3][-]{subsubsection.4.1.3.8}{\376\377\000s\000e\000t\000E\000x\000t\000e\000n\000s\000i\000o\000n}{subsection.4.1.3}% 21
\BOOKMARK [3][-]{subsubsection.4.1.3.9}{\376\377\000s\000e\000t\000F\000i\000l\000e\000n\000a\000m\000e}{subsection.4.1.3}% 22
\BOOKMARK [3][-]{subsubsection.4.1.3.10}{\376\377\000u\000p\000d\000a\000t\000e}{subsection.4.1.3}% 23
\BOOKMARK [1][-]{section.4.2}{\376\377\000A\000n\000a\000t\000o\000m\000i\000c\000a\000l\000P\000a\000t\000c\000h\000B\000u\000i\000l\000d\000e\000r\000<\000\040\000c\000l\000a\000s\000s\000\040\000T\000\040\000>\000\040\000C\000l\000a\000s\000s\000\040\000R\000e\000f\000e\000r\000e\000n\000c\000e}{chapter.4}% 24
\BOOKMARK [1][-]{section.4.3}{\376\377\000C\000l\000i\000n\000i\000c\000a\000l\000F\000r\000a\000m\000e\000\040\000C\000l\000a\000s\000s\000\040\000R\000e\000f\000e\000r\000e\000n\000c\000e}{chapter.4}% 25
\BOOKMARK [2][-]{subsection.4.3.1}{\376\377\000D\000e\000t\000a\000i\000l\000e\000d\000\040\000D\000e\000s\000c\000r\000i\000p\000t\000i\000o\000n}{section.4.3}% 26
\BOOKMARK [2][-]{subsection.4.3.2}{\376\377\000M\000e\000m\000b\000e\000r\000\040\000T\000y\000p\000e\000d\000e\000f\000\040\000D\000o\000c\000u\000m\000e\000n\000t\000a\000t\000i\000o\000n}{section.4.3}% 27
\BOOKMARK [3][-]{subsubsection.4.3.2.1}{\376\377\000C\000o\000n\000s\000t\000E\000l\000e\000c\000t\000r\000o\000d\000e\000I\000t\000e\000r\000a\000t\000o\000r}{subsection.4.3.2}% 28
\BOOKMARK [3][-]{subsubsection.4.3.2.2}{\376\377\000E\000l\000e\000c\000t\000r\000o\000d\000e\000I\000t\000e\000r\000a\000t\000o\000r}{subsection.4.3.2}% 29
\BOOKMARK [2][-]{subsection.4.3.3}{\376\377\000C\000o\000n\000s\000t\000r\000u\000c\000t\000o\000r\000\040\000\046\000\040\000D\000e\000s\000t\000r\000u\000c\000t\000o\000r\000\040\000D\000o\000c\000u\000m\000e\000n\000t\000a\000t\000i\000o\000n}{section.4.3}% 30
\BOOKMARK [3][-]{subsubsection.4.3.3.1}{\376\377\000C\000l\000i\000n\000i\000c\000a\000l\000F\000r\000a\000m\000e}{subsection.4.3.3}% 31
\BOOKMARK [3][-]{subsubsection.4.3.3.2}{\376\377\000C\000l\000i\000n\000i\000c\000a\000l\000F\000r\000a\000m\000e}{subsection.4.3.3}% 32
\BOOKMARK [3][-]{subsubsection.4.3.3.3}{\376\377\000C\000l\000i\000n\000i\000c\000a\000l\000F\000r\000a\000m\000e}{subsection.4.3.3}% 33
\BOOKMARK [2][-]{subsection.4.3.4}{\376\377\000M\000e\000m\000b\000e\000r\000\040\000F\000u\000n\000c\000t\000i\000o\000n\000\040\000D\000o\000c\000u\000m\000e\000n\000t\000a\000t\000i\000o\000n}{section.4.3}% 34
\BOOKMARK [3][-]{subsubsection.4.3.4.1}{\376\377\000a\000d\000d\000E\000l\000e\000c\000t\000r\000o\000d\000e}{subsection.4.3.4}% 35
\BOOKMARK [3][-]{subsubsection.4.3.4.2}{\376\377\000b\000e\000g\000i\000n}{subsection.4.3.4}% 36
\BOOKMARK [3][-]{subsubsection.4.3.4.3}{\376\377\000b\000e\000g\000i\000n}{subsection.4.3.4}% 37
\BOOKMARK [3][-]{subsubsection.4.3.4.4}{\376\377\000e\000n\000d}{subsection.4.3.4}% 38
\BOOKMARK [3][-]{subsubsection.4.3.4.5}{\376\377\000e\000n\000d}{subsection.4.3.4}% 39
\BOOKMARK [3][-]{subsubsection.4.3.4.6}{\376\377\000f\000r\000o\000m\000C\000e\000n\000t\000e\000r\000T\000o\000R\000e\000f\000\137}{subsection.4.3.4}% 40
\BOOKMARK [3][-]{subsubsection.4.3.4.7}{\376\377\000f\000r\000o\000m\000R\000A\000S\0002\000L\000P\000S\000\137}{subsection.4.3.4}% 41
\BOOKMARK [3][-]{subsubsection.4.3.4.8}{\376\377\000f\000r\000o\000m\000R\000e\000f\000T\000o\000C\000e\000n\000t\000e\000r\000\137}{subsection.4.3.4}% 42
\BOOKMARK [3][-]{subsubsection.4.3.4.9}{\376\377\000g\000e\000t\000E\000l\000e\000c\000t\000r\000o\000d\000e\000s\000N\000u\000m\000b\000e\000r}{subsection.4.3.4}% 43
\BOOKMARK [3][-]{subsubsection.4.3.4.10}{\376\377\000i\000s\000e\000m\000p\000t\000y}{subsection.4.3.4}% 44
\BOOKMARK [3][-]{subsubsection.4.3.4.11}{\376\377\000s\000e\000t\000C\000T}{subsection.4.3.4}% 45
\BOOKMARK [1][-]{section.4.4}{\376\377\000C\000o\000n\000t\000a\000c\000t\000C\000o\000n\000s\000t\000r\000u\000c\000t\000o\000r\000\040\000C\000l\000a\000s\000s\000\040\000R\000e\000f\000e\000r\000e\000n\000c\000e}{chapter.4}% 46
\BOOKMARK [2][-]{subsection.4.4.1}{\376\377\000C\000o\000n\000s\000t\000r\000u\000c\000t\000o\000r\000\040\000\046\000\040\000D\000e\000s\000t\000r\000u\000c\000t\000o\000r\000\040\000D\000o\000c\000u\000m\000e\000n\000t\000a\000t\000i\000o\000n}{section.4.4}% 47
\BOOKMARK [3][-]{subsubsection.4.4.1.1}{\376\377\000C\000o\000n\000t\000a\000c\000t\000C\000o\000n\000s\000t\000r\000u\000c\000t\000o\000r}{subsection.4.4.1}% 48
\BOOKMARK [3][-]{subsubsection.4.4.1.2}{\376\377\000C\000o\000n\000t\000a\000c\000t\000C\000o\000n\000s\000t\000r\000u\000c\000t\000o\000r}{subsection.4.4.1}% 49
\BOOKMARK [3][-]{subsubsection.4.4.1.3}{\376\377\000C\000o\000n\000t\000a\000c\000t\000C\000o\000n\000s\000t\000r\000u\000c\000t\000o\000r}{subsection.4.4.1}% 50
\BOOKMARK [2][-]{subsection.4.4.2}{\376\377\000M\000e\000m\000b\000e\000r\000\040\000F\000u\000n\000c\000t\000i\000o\000n\000\040\000D\000o\000c\000u\000m\000e\000n\000t\000a\000t\000i\000o\000n}{section.4.4}% 51
\BOOKMARK [3][-]{subsubsection.4.4.2.1}{\376\377\000u\000p\000d\000a\000t\000e}{subsection.4.4.2}% 52
\BOOKMARK [2][-]{subsection.4.4.3}{\376\377\000M\000e\000m\000b\000e\000r\000\040\000D\000a\000t\000a\000\040\000D\000o\000c\000u\000m\000e\000n\000t\000a\000t\000i\000o\000n}{section.4.4}% 53
\BOOKMARK [3][-]{subsubsection.4.4.3.1}{\376\377\000M\000A\000X\000\137\000A\000N\000G\000L\000E}{subsection.4.4.3}% 54
\BOOKMARK [1][-]{section.4.5}{\376\377\000E\000l\000e\000c\000t\000r\000o\000d\000e\000\040\000C\000l\000a\000s\000s\000\040\000R\000e\000f\000e\000r\000e\000n\000c\000e}{chapter.4}% 55
\BOOKMARK [2][-]{subsection.4.5.1}{\376\377\000D\000e\000t\000a\000i\000l\000e\000d\000\040\000D\000e\000s\000c\000r\000i\000p\000t\000i\000o\000n}{section.4.5}% 56
\BOOKMARK [2][-]{subsection.4.5.2}{\376\377\000M\000e\000m\000b\000e\000r\000\040\000T\000y\000p\000e\000d\000e\000f\000\040\000D\000o\000c\000u\000m\000e\000n\000t\000a\000t\000i\000o\000n}{section.4.5}% 57
\BOOKMARK [3][-]{subsubsection.4.5.2.1}{\376\377\000C\000o\000n\000s\000t\000C\000o\000n\000t\000a\000c\000t}{subsection.4.5.2}% 58
\BOOKMARK [3][-]{subsubsection.4.5.2.2}{\376\377\000C\000o\000n\000s\000t\000C\000o\000n\000t\000a\000c\000t\000I\000t\000e\000r\000a\000t\000o\000r}{subsection.4.5.2}% 59
\BOOKMARK [3][-]{subsubsection.4.5.2.3}{\376\377\000C\000o\000n\000t\000a\000c\000t}{subsection.4.5.2}% 60
\BOOKMARK [3][-]{subsubsection.4.5.2.4}{\376\377\000C\000o\000n\000t\000a\000c\000t\000I\000t\000e\000r\000a\000t\000o\000r}{subsection.4.5.2}% 61
\BOOKMARK [2][-]{subsection.4.5.3}{\376\377\000C\000o\000n\000s\000t\000r\000u\000c\000t\000o\000r\000\040\000\046\000\040\000D\000e\000s\000t\000r\000u\000c\000t\000o\000r\000\040\000D\000o\000c\000u\000m\000e\000n\000t\000a\000t\000i\000o\000n}{section.4.5}% 62
\BOOKMARK [3][-]{subsubsection.4.5.3.1}{\376\377\000E\000l\000e\000c\000t\000r\000o\000d\000e}{subsection.4.5.3}% 63
\BOOKMARK [3][-]{subsubsection.4.5.3.2}{\376\377\000E\000l\000e\000c\000t\000r\000o\000d\000e}{subsection.4.5.3}% 64
\BOOKMARK [3][-]{subsubsection.4.5.3.3}{\376\377\000E\000l\000e\000c\000t\000r\000o\000d\000e}{subsection.4.5.3}% 65
\BOOKMARK [3][-]{subsubsection.4.5.3.4}{\376\377\000E\000l\000e\000c\000t\000r\000o\000d\000e}{subsection.4.5.3}% 66
\BOOKMARK [2][-]{subsection.4.5.4}{\376\377\000M\000e\000m\000b\000e\000r\000\040\000F\000u\000n\000c\000t\000i\000o\000n\000\040\000D\000o\000c\000u\000m\000e\000n\000t\000a\000t\000i\000o\000n}{section.4.5}% 67
\BOOKMARK [3][-]{subsubsection.4.5.4.1}{\376\377\000a\000d\000d\000C\000o\000n\000t\000a\000c\000t}{subsection.4.5.4}% 68
\BOOKMARK [3][-]{subsubsection.4.5.4.2}{\376\377\000b\000e\000g\000i\000n}{subsection.4.5.4}% 69
\BOOKMARK [3][-]{subsubsection.4.5.4.3}{\376\377\000b\000e\000g\000i\000n}{subsection.4.5.4}% 70
\BOOKMARK [3][-]{subsubsection.4.5.4.4}{\376\377\000e\000n\000d}{subsection.4.5.4}% 71
\BOOKMARK [3][-]{subsubsection.4.5.4.5}{\376\377\000e\000n\000d}{subsection.4.5.4}% 72
\BOOKMARK [3][-]{subsubsection.4.5.4.6}{\376\377\000g\000e\000t\000C\000o\000n\000t\000a\000c\000t}{subsection.4.5.4}% 73
\BOOKMARK [3][-]{subsubsection.4.5.4.7}{\376\377\000g\000e\000t\000C\000o\000n\000t\000a\000c\000t}{subsection.4.5.4}% 74
\BOOKMARK [3][-]{subsubsection.4.5.4.8}{\376\377\000g\000e\000t\000C\000o\000n\000t\000a\000c\000t\000N\000u\000m\000b\000e\000r}{subsection.4.5.4}% 75
\BOOKMARK [3][-]{subsubsection.4.5.4.9}{\376\377\000g\000e\000t\000E\000n\000t\000r\000y}{subsection.4.5.4}% 76
\BOOKMARK [3][-]{subsubsection.4.5.4.10}{\376\377\000g\000e\000t\000E\000n\000t\000r\000y\000A\000s\000D\000o\000u\000b\000l\000e}{subsection.4.5.4}% 77
\BOOKMARK [3][-]{subsubsection.4.5.4.11}{\376\377\000g\000e\000t\000M\000o\000d\000e\000l}{subsection.4.5.4}% 78
\BOOKMARK [3][-]{subsubsection.4.5.4.12}{\376\377\000g\000e\000t\000N\000a\000m\000e}{subsection.4.5.4}% 79
\BOOKMARK [3][-]{subsubsection.4.5.4.13}{\376\377\000g\000e\000t\000T\000a\000r\000g\000e\000t}{subsection.4.5.4}% 80
\BOOKMARK [3][-]{subsubsection.4.5.4.14}{\376\377\000g\000e\000t\000T\000a\000r\000g\000e\000t\000A\000s\000D\000o\000u\000b\000l\000e}{subsection.4.5.4}% 81
\BOOKMARK [3][-]{subsubsection.4.5.4.15}{\376\377\000s\000e\000t\000E\000n\000t\000r\000y}{subsection.4.5.4}% 82
\BOOKMARK [3][-]{subsubsection.4.5.4.16}{\376\377\000s\000e\000t\000M\000o\000d\000e\000l}{subsection.4.5.4}% 83
\BOOKMARK [3][-]{subsubsection.4.5.4.17}{\376\377\000s\000e\000t\000N\000a\000m\000e}{subsection.4.5.4}% 84
\BOOKMARK [3][-]{subsubsection.4.5.4.18}{\376\377\000s\000e\000t\000T\000a\000r\000g\000e\000t}{subsection.4.5.4}% 85
\BOOKMARK [2][-]{subsection.4.5.5}{\376\377\000F\000r\000i\000e\000n\000d\000s\000\040\000A\000n\000d\000\040\000R\000e\000l\000a\000t\000e\000d\000\040\000F\000u\000n\000c\000t\000i\000o\000n\000\040\000D\000o\000c\000u\000m\000e\000n\000t\000a\000t\000i\000o\000n}{section.4.5}% 86
\BOOKMARK [3][-]{subsubsection.4.5.5.1}{\376\377\000o\000p\000e\000r\000a\000t\000o\000r\000<\000<}{subsection.4.5.5}% 87
\BOOKMARK [1][-]{section.4.6}{\376\377\000E\000l\000e\000c\000t\000r\000o\000d\000e\000M\000o\000d\000e\000l\000\040\000C\000l\000a\000s\000s\000\040\000R\000e\000f\000e\000r\000e\000n\000c\000e}{chapter.4}% 88
\BOOKMARK [1][-]{section.4.7}{\376\377\000F\000C\000S\000V\000R\000e\000a\000d\000e\000r\000\040\000C\000l\000a\000s\000s\000\040\000R\000e\000f\000e\000r\000e\000n\000c\000e}{chapter.4}% 89
\BOOKMARK [2][-]{subsection.4.7.1}{\376\377\000D\000e\000t\000a\000i\000l\000e\000d\000\040\000D\000e\000s\000c\000r\000i\000p\000t\000i\000o\000n}{section.4.7}% 90
\BOOKMARK [2][-]{subsection.4.7.2}{\376\377\000C\000o\000n\000s\000t\000r\000u\000c\000t\000o\000r\000\040\000\046\000\040\000D\000e\000s\000t\000r\000u\000c\000t\000o\000r\000\040\000D\000o\000c\000u\000m\000e\000n\000t\000a\000t\000i\000o\000n}{section.4.7}% 91
\BOOKMARK [3][-]{subsubsection.4.7.2.1}{\376\377\000F\000C\000S\000V\000R\000e\000a\000d\000e\000r}{subsection.4.7.2}% 92
\BOOKMARK [3][-]{subsubsection.4.7.2.2}{\376\377\000F\000C\000S\000V\000R\000e\000a\000d\000e\000r}{subsection.4.7.2}% 93
\BOOKMARK [3][-]{subsubsection.4.7.2.3}{\376\377\000F\000C\000S\000V\000R\000e\000a\000d\000e\000r}{subsection.4.7.2}% 94
\BOOKMARK [2][-]{subsection.4.7.3}{\376\377\000M\000e\000m\000b\000e\000r\000\040\000F\000u\000n\000c\000t\000i\000o\000n\000\040\000D\000o\000c\000u\000m\000e\000n\000t\000a\000t\000i\000o\000n}{section.4.7}% 95
\BOOKMARK [3][-]{subsubsection.4.7.3.1}{\376\377\000g\000e\000t\000O\000u\000t\000p\000u\000t}{subsection.4.7.3}% 96
\BOOKMARK [3][-]{subsubsection.4.7.3.2}{\376\377\000s\000e\000t\000C\000l\000i\000n\000i\000c\000a\000l\000F\000r\000a\000m\000e}{subsection.4.7.3}% 97
\BOOKMARK [3][-]{subsubsection.4.7.3.3}{\376\377\000s\000e\000t\000C\000T}{subsection.4.7.3}% 98
\BOOKMARK [3][-]{subsubsection.4.7.3.4}{\376\377\000s\000e\000t\000F\000i\000l\000e\000I\000n\000p\000u\000t}{subsection.4.7.3}% 99
\BOOKMARK [3][-]{subsubsection.4.7.3.5}{\376\377\000u\000p\000d\000a\000t\000e}{subsection.4.7.3}% 100
\BOOKMARK [1][-]{section.4.8}{\376\377\000F\000C\000S\000V\000W\000r\000i\000t\000e\000r\000\040\000C\000l\000a\000s\000s\000\040\000R\000e\000f\000e\000r\000e\000n\000c\000e}{chapter.4}% 101
\BOOKMARK [2][-]{subsection.4.8.1}{\376\377\000D\000e\000t\000a\000i\000l\000e\000d\000\040\000D\000e\000s\000c\000r\000i\000p\000t\000i\000o\000n}{section.4.8}% 102
\BOOKMARK [2][-]{subsection.4.8.2}{\376\377\000C\000o\000n\000s\000t\000r\000u\000c\000t\000o\000r\000\040\000\046\000\040\000D\000e\000s\000t\000r\000u\000c\000t\000o\000r\000\040\000D\000o\000c\000u\000m\000e\000n\000t\000a\000t\000i\000o\000n}{section.4.8}% 103
\BOOKMARK [3][-]{subsubsection.4.8.2.1}{\376\377\000F\000C\000S\000V\000W\000r\000i\000t\000e\000r}{subsection.4.8.2}% 104
\BOOKMARK [3][-]{subsubsection.4.8.2.2}{\376\377\000F\000C\000S\000V\000W\000r\000i\000t\000e\000r}{subsection.4.8.2}% 105
\BOOKMARK [3][-]{subsubsection.4.8.2.3}{\376\377\000F\000C\000S\000V\000W\000r\000i\000t\000e\000r}{subsection.4.8.2}% 106
\BOOKMARK [2][-]{subsection.4.8.3}{\376\377\000M\000e\000m\000b\000e\000r\000\040\000F\000u\000n\000c\000t\000i\000o\000n\000\040\000D\000o\000c\000u\000m\000e\000n\000t\000a\000t\000i\000o\000n}{section.4.8}% 107
\BOOKMARK [3][-]{subsubsection.4.8.3.1}{\376\377\000u\000p\000d\000a\000t\000e}{subsection.4.8.3}% 108
\BOOKMARK [1][-]{section.4.9}{\376\377\000G\000M\000P\000I\000E\000s\000t\000i\000m\000a\000t\000o\000r\000\040\000C\000l\000a\000s\000s\000\040\000R\000e\000f\000e\000r\000e\000n\000c\000e}{chapter.4}% 109
\BOOKMARK [1][-]{section.4.10}{\376\377\000V\000T\000K\000M\000o\000d\000e\000l\000C\000o\000n\000s\000t\000r\000u\000c\000t\000o\000r\000\040\000C\000l\000a\000s\000s\000\040\000R\000e\000f\000e\000r\000e\000n\000c\000e}{chapter.4}% 110
\BOOKMARK [2][-]{subsection.4.10.1}{\376\377\000D\000e\000t\000a\000i\000l\000e\000d\000\040\000D\000e\000s\000c\000r\000i\000p\000t\000i\000o\000n}{section.4.10}% 111
\BOOKMARK [2][-]{subsection.4.10.2}{\376\377\000M\000e\000m\000b\000e\000r\000\040\000T\000y\000p\000e\000d\000e\000f\000\040\000D\000o\000c\000u\000m\000e\000n\000t\000a\000t\000i\000o\000n}{section.4.10}% 112
\BOOKMARK [3][-]{subsubsection.4.10.2.1}{\376\377\000C\000o\000n\000s\000t\000M\000o\000d\000e\000l\000I\000t\000e\000r\000a\000t\000o\000r}{subsection.4.10.2}% 113
\BOOKMARK [3][-]{subsubsection.4.10.2.2}{\376\377\000M\000o\000d\000e\000l\000I\000t\000e\000r\000a\000t\000o\000r}{subsection.4.10.2}% 114
\BOOKMARK [2][-]{subsection.4.10.3}{\376\377\000C\000o\000n\000s\000t\000r\000u\000c\000t\000o\000r\000\040\000\046\000\040\000D\000e\000s\000t\000r\000u\000c\000t\000o\000r\000\040\000D\000o\000c\000u\000m\000e\000n\000t\000a\000t\000i\000o\000n}{section.4.10}% 115
\BOOKMARK [3][-]{subsubsection.4.10.3.1}{\376\377\000V\000T\000K\000M\000o\000d\000e\000l\000C\000o\000n\000s\000t\000r\000u\000c\000t\000o\000r}{subsection.4.10.3}% 116
\BOOKMARK [3][-]{subsubsection.4.10.3.2}{\376\377\000V\000T\000K\000M\000o\000d\000e\000l\000C\000o\000n\000s\000t\000r\000u\000c\000t\000o\000r}{subsection.4.10.3}% 117
\BOOKMARK [3][-]{subsubsection.4.10.3.3}{\376\377\000V\000T\000K\000M\000o\000d\000e\000l\000C\000o\000n\000s\000t\000r\000u\000c\000t\000o\000r}{subsection.4.10.3}% 118
\BOOKMARK [2][-]{subsection.4.10.4}{\376\377\000M\000e\000m\000b\000e\000r\000\040\000F\000u\000n\000c\000t\000i\000o\000n\000\040\000D\000o\000c\000u\000m\000e\000n\000t\000a\000t\000i\000o\000n}{section.4.10}% 119
\BOOKMARK [3][-]{subsubsection.4.10.4.1}{\376\377\000b\000e\000g\000i\000n}{subsection.4.10.4}% 120
\BOOKMARK [3][-]{subsubsection.4.10.4.2}{\376\377\000d\000i\000s\000t\000a\000n\000c\000e\000\137}{subsection.4.10.4}% 121
\BOOKMARK [3][-]{subsubsection.4.10.4.3}{\376\377\000e\000m\000p\000t\000y}{subsection.4.10.4}% 122
\BOOKMARK [3][-]{subsubsection.4.10.4.4}{\376\377\000e\000n\000d}{subsection.4.10.4}% 123
\BOOKMARK [3][-]{subsubsection.4.10.4.5}{\376\377\000e\000s\000t\000i\000m\000a\000t\000e\000C\000o\000n\000t\000a\000c\000t\000E\000x\000t\000e\000n\000t\000\137}{subsection.4.10.4}% 124
\BOOKMARK [3][-]{subsubsection.4.10.4.6}{\376\377\000g\000e\000t\000O\000u\000t\000p\000u\000t\000M\000o\000d\000e}{subsection.4.10.4}% 125
\BOOKMARK [3][-]{subsubsection.4.10.4.7}{\376\377\000s\000e\000t\000C\000l\000i\000n\000i\000c\000a\000l\000F\000r\000a\000m\000e}{subsection.4.10.4}% 126
\BOOKMARK [3][-]{subsubsection.4.10.4.8}{\376\377\000s\000i\000z\000e}{subsection.4.10.4}% 127
\BOOKMARK [3][-]{subsubsection.4.10.4.9}{\376\377\000u\000p\000d\000a\000t\000e}{subsection.4.10.4}% 128
\BOOKMARK [1][-]{section.4.11}{\376\377\000V\000T\000K\000W\000r\000i\000t\000e\000r\000\040\000C\000l\000a\000s\000s\000\040\000R\000e\000f\000e\000r\000e\000n\000c\000e}{chapter.4}% 129
\BOOKMARK [2][-]{subsection.4.11.1}{\376\377\000D\000e\000t\000a\000i\000l\000e\000d\000\040\000D\000e\000s\000c\000r\000i\000p\000t\000i\000o\000n}{section.4.11}% 130
\BOOKMARK [2][-]{subsection.4.11.2}{\376\377\000C\000o\000n\000s\000t\000r\000u\000c\000t\000o\000r\000\040\000\046\000\040\000D\000e\000s\000t\000r\000u\000c\000t\000o\000r\000\040\000D\000o\000c\000u\000m\000e\000n\000t\000a\000t\000i\000o\000n}{section.4.11}% 131
\BOOKMARK [3][-]{subsubsection.4.11.2.1}{\376\377\000V\000T\000K\000W\000r\000i\000t\000e\000r}{subsection.4.11.2}% 132
\BOOKMARK [3][-]{subsubsection.4.11.2.2}{\376\377\000V\000T\000K\000W\000r\000i\000t\000e\000r}{subsection.4.11.2}% 133
\BOOKMARK [2][-]{subsection.4.11.3}{\376\377\000M\000e\000m\000b\000e\000r\000\040\000F\000u\000n\000c\000t\000i\000o\000n\000\040\000D\000o\000c\000u\000m\000e\000n\000t\000a\000t\000i\000o\000n}{section.4.11}% 134
\BOOKMARK [3][-]{subsubsection.4.11.3.1}{\376\377\000u\000p\000d\000a\000t\000e}{subsection.4.11.3}% 135
\BOOKMARK [0][-]{chapter.5}{\376\377\000F\000i\000l\000e\000\040\000D\000o\000c\000u\000m\000e\000n\000t\000a\000t\000i\000o\000n}{}% 136
\BOOKMARK [1][-]{section.5.1}{\376\377\000A\000b\000s\000t\000r\000a\000c\000t\000W\000r\000i\000t\000e\000r\000.\000h\000\040\000F\000i\000l\000e\000\040\000R\000e\000f\000e\000r\000e\000n\000c\000e}{chapter.5}% 137
\BOOKMARK [1][-]{section.5.2}{\376\377\000A\000n\000a\000t\000o\000m\000i\000c\000a\000l\000P\000a\000t\000c\000h\000B\000u\000i\000l\000d\000e\000r\000.\000h\000\040\000F\000i\000l\000e\000\040\000R\000e\000f\000e\000r\000e\000n\000c\000e}{chapter.5}% 138
\BOOKMARK [1][-]{section.5.3}{\376\377\000C\000l\000i\000n\000i\000c\000a\000l\000F\000r\000a\000m\000e\000.\000h\000\040\000F\000i\000l\000e\000\040\000R\000e\000f\000e\000r\000e\000n\000c\000e}{chapter.5}% 139
\BOOKMARK [1][-]{section.5.4}{\376\377\000C\000o\000n\000t\000a\000c\000t\000C\000o\000n\000s\000t\000r\000u\000c\000t\000o\000r\000.\000h\000\040\000F\000i\000l\000e\000\040\000R\000e\000f\000e\000r\000e\000n\000c\000e}{chapter.5}% 140
\BOOKMARK [1][-]{section.5.5}{\376\377\000D\000e\000f\000i\000n\000i\000t\000i\000o\000n\000s\000.\000h\000\040\000F\000i\000l\000e\000\040\000R\000e\000f\000e\000r\000e\000n\000c\000e}{chapter.5}% 141
\BOOKMARK [2][-]{subsection.5.5.1}{\376\377\000T\000y\000p\000e\000d\000e\000f\000\040\000D\000o\000c\000u\000m\000e\000n\000t\000a\000t\000i\000o\000n}{section.5.5}% 142
\BOOKMARK [3][-]{subsubsection.5.5.1.1}{\376\377\000C\000a\000l\000c\000u\000l\000a\000t\000o\000r\000T\000y\000p\000e}{subsection.5.5.1}% 143
\BOOKMARK [3][-]{subsubsection.5.5.1.2}{\376\377\000F\000i\000l\000t\000e\000r\000T\000y\000p\000e}{subsection.5.5.1}% 144
\BOOKMARK [3][-]{subsubsection.5.5.1.3}{\376\377\000I\000m\000a\000g\000e\000P\000o\000i\000n\000t\000e\000r\000T\000y\000p\000e}{subsection.5.5.1}% 145
\BOOKMARK [3][-]{subsubsection.5.5.1.4}{\376\377\000I\000m\000a\000g\000e\000R\000e\000a\000d\000e\000r\000T\000y\000p\000e}{subsection.5.5.1}% 146
\BOOKMARK [3][-]{subsubsection.5.5.1.5}{\376\377\000I\000m\000a\000g\000e\000T\000y\000p\000e}{subsection.5.5.1}% 147
\BOOKMARK [3][-]{subsubsection.5.5.1.6}{\376\377\000P\000h\000y\000s\000i\000c\000a\000l\000P\000o\000i\000n\000t\000T\000y\000p\000e}{subsection.5.5.1}% 148
\BOOKMARK [3][-]{subsubsection.5.5.1.7}{\376\377\000R\000e\000g\000i\000o\000n\000T\000y\000p\000e}{subsection.5.5.1}% 149
\BOOKMARK [3][-]{subsubsection.5.5.1.8}{\376\377\000S\000i\000z\000e\000T\000y\000p\000e}{subsection.5.5.1}% 150
\BOOKMARK [3][-]{subsubsection.5.5.1.9}{\376\377\000S\000p\000a\000c\000i\000n\000g\000T\000y\000p\000e}{subsection.5.5.1}% 151
\BOOKMARK [3][-]{subsubsection.5.5.1.10}{\376\377\000V\000o\000x\000e\000l\000P\000o\000i\000n\000t\000T\000y\000p\000e}{subsection.5.5.1}% 152
\BOOKMARK [1][-]{section.5.6}{\376\377\000E\000l\000e\000c\000t\000r\000o\000d\000e\000.\000h\000\040\000F\000i\000l\000e\000\040\000R\000e\000f\000e\000r\000e\000n\000c\000e}{chapter.5}% 153
\BOOKMARK [1][-]{section.5.7}{\376\377\000E\000l\000e\000c\000t\000r\000o\000d\000e\000M\000o\000d\000e\000l\000.\000h\000\040\000F\000i\000l\000e\000\040\000R\000e\000f\000e\000r\000e\000n\000c\000e}{chapter.5}% 154
\BOOKMARK [1][-]{section.5.8}{\376\377\000F\000C\000S\000V\000R\000e\000a\000d\000e\000r\000.\000h\000\040\000F\000i\000l\000e\000\040\000R\000e\000f\000e\000r\000e\000n\000c\000e}{chapter.5}% 155
\BOOKMARK [1][-]{section.5.9}{\376\377\000F\000C\000S\000V\000W\000r\000i\000t\000e\000r\000.\000h\000\040\000F\000i\000l\000e\000\040\000R\000e\000f\000e\000r\000e\000n\000c\000e}{chapter.5}% 156
\BOOKMARK [1][-]{section.5.10}{\376\377\000G\000M\000P\000I\000E\000s\000t\000i\000m\000a\000t\000o\000r\000.\000h\000\040\000F\000i\000l\000e\000\040\000R\000e\000f\000e\000r\000e\000n\000c\000e}{chapter.5}% 157
\BOOKMARK [1][-]{section.5.11}{\376\377\000V\000T\000K\000M\000o\000d\000e\000l\000C\000o\000n\000s\000t\000r\000u\000c\000t\000o\000r\000.\000h\000\040\000F\000i\000l\000e\000\040\000R\000e\000f\000e\000r\000e\000n\000c\000e}{chapter.5}% 158
\BOOKMARK [1][-]{section.5.12}{\376\377\000V\000T\000K\000W\000r\000i\000t\000e\000r\000.\000h\000\040\000F\000i\000l\000e\000\040\000R\000e\000f\000e\000r\000e\000n\000c\000e}{chapter.5}% 159
\BOOKMARK [0][-]{section*.31}{\376\377\000I\000n\000d\000e\000x}{}% 160
